2018-05-14 12:50:55,290 | INFO     | 0085 | user logged in: yhegde
2018-05-14 12:52:10,736 | INFO     | 0148 | logging out yhegde
2018-05-14 12:52:29,044 | INFO     | 0148 | logging out yhegde
2018-05-14 12:52:29,054 | INFO     | 0155 | shutdown called
2018-05-14 12:53:41,639 | INFO     | 0207 | user started full network run
2018-05-14 13:23:22,434 | INFO     | 0155 | shutdown called
2018-05-14 13:59:14,669 | INFO     | 0085 | user logged in: yhegde
2018-05-14 14:25:54,440 | INFO     | 0155 | shutdown called
2018-05-14 14:31:52,347 | INFO     | 0085 | user logged in: yhegde
2018-05-14 14:33:56,611 | INFO     | 0155 | shutdown called
2018-05-14 14:34:25,646 | INFO     | 0085 | user logged in: yhegde
2018-05-14 14:49:07,331 | INFO     | 0155 | shutdown called
2018-05-14 14:49:21,088 | INFO     | 0085 | user logged in: yhegde
2018-05-14 15:00:22,744 | INFO     | 0207 | user started full network run
2018-05-14 15:27:31,390 | INFO     | 0155 | shutdown called
2018-05-15 00:58:00,128 | INFO     | 0085 | user logged in: yhegde
2018-05-15 00:58:10,009 | INFO     | 0187 | user opening clean.R
2018-05-15 00:58:52,149 | INFO     | 0103 | adding node explore.csv
2018-05-15 00:59:07,019 | INFO     | 0103 | adding node explore.R
2018-05-15 00:59:14,393 | INFO     | 0187 | user opening explore.R
2018-05-15 00:59:39,136 | INFO     | 0123 | adding edge source: data.csv target: explore.R
2018-05-15 00:59:47,331 | INFO     | 0187 | user opening explore.R
2018-05-15 01:00:08,584 | INFO     | 0123 | adding edge source: explore.R target: explore.csv
2018-05-15 01:01:34,422 | INFO     | 0155 | shutdown called
2018-05-15 01:19:51,491 | INFO     | 0085 | user logged in: yhegde
2018-05-15 01:20:11,377 | INFO     | 0331 | user deleting edge source: explore.R target: explore.csv
2018-05-15 01:20:14,380 | INFO     | 0331 | user deleting edge source: data.csv target: explore.R
2018-05-15 01:20:31,666 | INFO     | 0123 | adding edge source: data.csv target: explore.R
2018-05-15 01:20:38,245 | INFO     | 0187 | user opening explore.R
2018-05-15 01:21:12,731 | INFO     | 0123 | adding edge source: explore.R target: explore.csv
2018-05-15 01:24:04,295 | INFO     | 0308 | user deleting node explore.csv
2018-05-15 01:24:12,530 | INFO     | 0308 | user deleting node explore.R
2018-05-15 01:24:24,648 | INFO     | 0103 | adding node e.R
2018-05-15 01:24:30,131 | INFO     | 0187 | user opening e.R
2018-05-15 01:24:49,320 | INFO     | 0123 | adding edge source: data.csv target: e.R
2018-05-15 01:29:22,060 | INFO     | 0308 | user deleting node e.R
2018-05-15 01:29:38,870 | INFO     | 0103 | adding node a.R
2018-05-15 01:29:46,118 | INFO     | 0187 | user opening a.R
2018-05-15 01:33:28,674 | INFO     | 0155 | shutdown called
2018-05-15 01:33:43,025 | INFO     | 0085 | user logged in: yhegde
2018-05-15 01:33:54,051 | INFO     | 0123 | adding edge source: data.csv target: a.R
2018-05-15 01:43:50,167 | INFO     | 0103 | adding node a.csv
2018-05-15 01:43:54,084 | INFO     | 0123 | adding edge source: a.R target: a.csv
2018-05-15 01:45:12,616 | INFO     | 0207 | user started full network run
2018-05-15 01:47:24,823 | INFO     | 0155 | shutdown called
2018-05-15 01:47:40,529 | INFO     | 0085 | user logged in: yhegde
2018-05-15 01:47:54,566 | INFO     | 0207 | user started full network run
2018-05-15 01:50:22,295 | INFO     | 0155 | shutdown called
2018-05-15 01:50:35,493 | INFO     | 0085 | user logged in: yhegde
2018-05-15 01:51:08,534 | INFO     | 0207 | user started full network run
2018-05-15 02:02:19,175 | INFO     | 0155 | shutdown called
2018-05-15 11:14:49,486 | INFO     | 0085 | user logged in: alexbruso
2018-05-15 11:16:04,683 | INFO     | 0264 | user started git push
2018-05-15 11:16:10,894 | INFO     | 0356 | merge successful
2018-05-15 11:46:56,996 | INFO     | 0245 | user started git pull
2018-05-15 11:47:02,676 | INFO     | 0356 | merge successful
2018-05-15 11:49:26,672 | INFO     | 0187 | user opening raw_data.csv
2018-05-15 11:52:05,110 | INFO     | 0187 | user opening clean.R
2018-05-15 11:57:37,223 | INFO     | 0187 | user opening data.csv
2018-05-15 11:57:37,980 | INFO     | 0187 | user opening data.csv
2018-05-15 11:57:38,506 | INFO     | 0187 | user opening data.csv
2018-05-15 12:04:09,328 | INFO     | 0207 | user started full network run
2018-05-15 12:04:09,339 | INFO     | 0112 | running node clean.R
2018-05-15 12:04:09,629 | ERROR    | 0155 | failed clean.R
2018-05-15 12:05:58,200 | INFO     | 0207 | user started full network run
2018-05-15 12:05:58,584 | INFO     | 0112 | running node clean.R
2018-05-15 12:05:58,831 | ERROR    | 0155 | failed clean.R
2018-05-15 12:10:19,552 | INFO     | 0155 | shutdown called
2018-05-15 12:10:32,992 | INFO     | 0085 | user logged in: alexbruso
2018-05-15 12:10:43,655 | INFO     | 0207 | user started full network run
2018-05-15 12:10:44,213 | INFO     | 0112 | running node clean.R
2018-05-15 12:10:44,458 | ERROR    | 0155 | failed clean.R
2018-05-15 12:11:03,104 | INFO     | 0187 | user opening clean.R
2018-05-15 12:11:31,688 | INFO     | 0187 | user opening clean.R
2018-05-15 12:16:40,760 | INFO     | 0207 | user started full network run
2018-05-15 12:16:41,395 | INFO     | 0112 | running node clean.R
2018-05-15 12:16:41,634 | ERROR    | 0155 | failed clean.R
2018-05-15 12:17:09,649 | INFO     | 0187 | user opening clean.R
2018-05-15 12:17:42,697 | INFO     | 0207 | user started full network run
2018-05-15 12:17:43,101 | INFO     | 0112 | running node clean.R
2018-05-15 12:17:43,332 | ERROR    | 0155 | failed clean.R
2018-05-15 12:22:34,771 | INFO     | 0207 | user started full network run
2018-05-15 12:22:34,927 | INFO     | 0112 | running node clean.R
2018-05-15 12:23:57,384 | INFO     | 0155 | shutdown called
2018-05-15 13:14:20,204 | INFO     | 0085 | user logged in: alexbruso
2018-05-15 13:15:33,625 | INFO     | 0283 | updating node
2018-05-15 13:15:34,348 | INFO     | 0188 | renaming node data.csv new name: cleandata.csv
2018-05-15 13:16:18,527 | INFO     | 0103 | adding node descriptive_stats.R
2018-05-15 13:16:27,733 | INFO     | 0123 | adding edge source: cleandata.csv target: descriptive_stats.R
2018-05-15 13:17:14,058 | INFO     | 0103 | adding node NPS_function.R
2018-05-15 13:17:19,528 | INFO     | 0123 | adding edge source: cleandata.csv target: NPS_function.R
2018-05-15 13:17:22,972 | INFO     | 0123 | adding edge source: cleandata.csv target: NPS_function.R
2018-05-15 13:17:22,981 | DEBUG    | 0088 | edge not valid
2018-05-15 13:18:01,057 | INFO     | 0103 | adding node NPS_Data.csv
2018-05-15 13:18:04,364 | INFO     | 0123 | adding edge source: NPS_function.R target: NPS_Data.csv
2018-05-15 13:18:31,302 | INFO     | 0283 | updating node
2018-05-15 13:18:31,765 | INFO     | 0170 | updating node NPS_function.R task status: not started assigned to: not assigned
2018-05-15 13:18:31,780 | INFO     | 0188 | renaming node NPS_function.R new name: NPS_functions.R
2018-05-15 13:19:42,410 | INFO     | 0264 | user started git push
2018-05-15 13:19:49,346 | INFO     | 0356 | merge successful
2018-05-15 13:22:34,087 | INFO     | 0103 | adding node data_7865.csv
2018-05-15 13:22:34,105 | INFO     | 0103 | adding node data_7865.csv
2018-05-15 13:22:57,298 | INFO     | 0103 | adding node script_5831.R
2018-05-15 13:23:02,979 | INFO     | 0123 | adding edge source: cleandata.csv target: script_5831.R
2018-05-15 13:23:27,157 | INFO     | 0283 | updating node
2018-05-15 13:23:27,770 | INFO     | 0170 | updating node script_5831.R task status: not started assigned to: not assigned
2018-05-15 13:23:27,785 | INFO     | 0188 | renaming node script_5831.R new name: LTR_Data.R
2018-05-15 13:24:07,543 | INFO     | 0103 | adding node script_6164.R
2018-05-15 13:24:58,193 | INFO     | 0123 | adding edge source: NPS_functions.R target: data_7865.csv
2018-05-15 13:25:10,455 | INFO     | 0264 | user started git push
2018-05-15 13:25:19,767 | INFO     | 0356 | merge successful
2018-05-15 13:25:30,037 | INFO     | 0308 | user deleting node script_6164.R
2018-05-15 13:26:03,143 | INFO     | 0283 | updating node
2018-05-15 13:26:03,848 | INFO     | 0188 | renaming node data_7865.csv new name: NPS_overall_data.csv
2018-05-15 13:27:08,672 | INFO     | 0103 | adding node Descriptive_stats.csv
2018-05-15 13:27:17,949 | INFO     | 0123 | adding edge source: descriptive_stats.R target: Descriptive_stats.csv
2018-05-15 13:29:18,947 | INFO     | 0331 | user deleting edge source: cleandata.csv target: NPS_functions.R
2018-05-15 13:30:34,964 | INFO     | 0308 | user deleting node LTR_Data.R
2018-05-15 13:30:44,725 | INFO     | 0123 | adding edge source: cleandata.csv target: NPS_functions.R
2018-05-15 13:34:03,929 | INFO     | 0283 | updating node
2018-05-15 13:34:04,717 | INFO     | 0188 | renaming node NPS_overall_data.csv new name: PartE.csv
2018-05-15 13:34:15,124 | INFO     | 0283 | updating node
2018-05-15 13:34:16,070 | INFO     | 0188 | renaming node NPS_Data.csv new name: PartD.csv
2018-05-15 13:35:42,777 | INFO     | 0283 | updating node
2018-05-15 13:35:43,712 | INFO     | 0170 | updating node NPS_functions.R task status: not started assigned to: not assigned
2018-05-15 13:35:43,724 | INFO     | 0188 | renaming node NPS_functions.R new name: NPS_Part_D.R
2018-05-15 13:36:07,317 | INFO     | 0103 | adding node NPS_Part_E.R
2018-05-15 13:36:13,665 | INFO     | 0123 | adding edge source: cleandata.csv target: NPS_Part_E.R
2018-05-15 13:36:22,152 | INFO     | 0331 | user deleting edge source: NPS_Part_D.R target: PartE.csv
2018-05-15 13:36:27,483 | INFO     | 0123 | adding edge source: NPS_Part_E.R target: PartE.csv
2018-05-15 13:36:36,517 | INFO     | 0283 | updating node
2018-05-15 13:36:40,228 | INFO     | 0188 | renaming node PartE.csv new name: Part_E.csv
2018-05-15 13:36:40,250 | INFO     | 0283 | updating node
2018-05-15 13:36:40,259 | INFO     | 0188 | renaming node PartD.csv new name: Part_D.csv
2018-05-15 13:40:34,241 | INFO     | 0283 | updating node
2018-05-15 13:40:35,231 | INFO     | 0170 | updating node NPS_Part_D.R task status: not started assigned to: not assigned
2018-05-15 13:40:35,242 | INFO     | 0188 | renaming node NPS_Part_D.R new name: NPS_Function.R
2018-05-15 13:42:37,980 | INFO     | 0103 | adding node Fetch_LTR.R
2018-05-15 13:42:42,975 | INFO     | 0331 | user deleting edge source: cleandata.csv target: NPS_Function.R
2018-05-15 13:42:48,705 | INFO     | 0331 | user deleting edge source: cleandata.csv target: NPS_Function.R
2018-05-15 13:42:53,617 | INFO     | 0123 | adding edge source: cleandata.csv target: Fetch_LTR.R
2018-05-15 13:43:27,348 | INFO     | 0283 | updating node
2018-05-15 13:43:27,980 | INFO     | 0188 | renaming node Part_D.csv new name: LTR_Data.csv
2018-05-15 13:43:33,099 | INFO     | 0123 | adding edge source: Fetch_LTR.R target: LTR_Data.csv
2018-05-15 13:43:43,436 | INFO     | 0331 | user deleting edge source: NPS_Function.R target: LTR_Data.csv
2018-05-15 13:44:05,965 | INFO     | 0354 | user reversing flow source: LTR_Data.csv target: Fetch_LTR.R
2018-05-15 13:44:31,779 | INFO     | 0123 | adding edge source: LTR_Data.csv target: NPS_Function.R
2018-05-15 13:44:39,537 | INFO     | 0264 | user started git push
2018-05-15 13:44:49,410 | INFO     | 0356 | merge successful
2018-05-15 13:44:59,114 | INFO     | 0331 | user deleting edge source: NPS_Part_E.R target: Part_E.csv
2018-05-15 13:45:06,187 | INFO     | 0308 | user deleting node NPS_Part_E.R
2018-05-15 13:45:20,069 | INFO     | 0123 | adding edge source: NPS_Function.R target: Part_E.csv
2018-05-15 13:45:35,937 | INFO     | 0103 | adding node Part_E_2.csv
2018-05-15 13:45:45,597 | INFO     | 0123 | adding edge source: NPS_Function.R target: Part_E_2.csv
2018-05-15 13:45:56,752 | INFO     | 0283 | updating node
2018-05-15 13:45:57,678 | INFO     | 0188 | renaming node Part_E.csv new name: Part_E_1.csv
2018-05-15 13:48:00,184 | INFO     | 0103 | adding node LTR_Data_E_1.csv
2018-05-15 13:48:13,591 | INFO     | 0103 | adding node LTR_Data_E_2.csv
2018-05-15 13:48:13,606 | INFO     | 0103 | adding node LTR_Data_E_2.csv
2018-05-15 13:48:47,050 | INFO     | 0103 | adding node Fetch_LTR_E_1.R
2018-05-15 13:49:01,178 | INFO     | 0103 | adding node Fetch_LTR_E_2.R
2018-05-15 13:49:39,017 | INFO     | 0123 | adding edge source: cleandata.csv target: Fetch_LTR_E_1.R
2018-05-15 13:49:47,071 | INFO     | 0123 | adding edge source: Fetch_LTR_E_1.R target: LTR_Data_E_2.csv
2018-05-15 13:49:56,031 | INFO     | 0331 | user deleting edge source: Fetch_LTR_E_1.R target: LTR_Data_E_2.csv
2018-05-15 13:50:02,206 | INFO     | 0331 | user deleting edge source: Fetch_LTR_E_1.R target: LTR_Data_E_2.csv
2018-05-15 13:50:07,618 | INFO     | 0123 | adding edge source: Fetch_LTR_E_1.R target: LTR_Data_E_1.csv
2018-05-15 13:50:18,067 | INFO     | 0123 | adding edge source: cleandata.csv target: Fetch_LTR_E_2.R
2018-05-15 13:50:31,120 | INFO     | 0123 | adding edge source: Fetch_LTR_E_2.R target: LTR_Data_E_2.csv
2018-05-15 13:51:14,372 | INFO     | 0123 | adding edge source: NPS_Function.R target: LTR_Data_E_1.csv
2018-05-15 13:51:19,035 | INFO     | 0123 | adding edge source: LTR_Data_E_2.csv target: NPS_Function.R
2018-05-15 13:51:24,564 | INFO     | 0123 | adding edge source: LTR_Data_E_2.csv target: NPS_Function.R
2018-05-15 13:51:24,582 | DEBUG    | 0088 | edge not valid
2018-05-15 13:51:50,417 | INFO     | 0103 | adding node Part_E_Comparison.R
2018-05-15 13:52:06,985 | INFO     | 0123 | adding edge source: Part_E_1.csv target: Part_E_Comparison.R
2018-05-15 13:52:12,886 | INFO     | 0123 | adding edge source: Part_E_2.csv target: Part_E_Comparison.R
2018-05-15 13:52:21,099 | INFO     | 0123 | adding edge source: Part_E_2.csv target: Part_E_Comparison.R
2018-05-15 13:52:21,106 | DEBUG    | 0088 | edge not valid
2018-05-15 13:52:37,317 | INFO     | 0103 | adding node Part_E_Answer.csv
2018-05-15 13:52:42,706 | INFO     | 0123 | adding edge source: Part_E_Comparison.R target: Part_E_Answer.csv
2018-05-15 13:52:51,065 | INFO     | 0123 | adding edge source: Part_E_Comparison.R target: Part_E_Answer.csv
2018-05-15 13:52:51,084 | DEBUG    | 0088 | edge not valid
2018-05-15 13:52:59,153 | INFO     | 0264 | user started git push
2018-05-15 13:53:13,355 | INFO     | 0356 | merge successful
2018-05-15 13:53:26,193 | INFO     | 0264 | user started git push
2018-05-15 13:53:38,183 | INFO     | 0356 | merge successful
2018-05-15 13:56:33,829 | INFO     | 0103 | adding node NPS_Data.csv
2018-05-15 13:56:47,841 | INFO     | 0283 | updating node
2018-05-15 13:56:48,935 | INFO     | 0188 | renaming node NPS_Data.csv new name: NPS_Data_Part_D.csv
2018-05-15 13:56:54,835 | INFO     | 0123 | adding edge source: NPS_Function.R target: NPS_Data_Part_D.csv
2018-05-15 13:58:56,453 | INFO     | 0103 | adding node Create_Dataframe.R
2018-05-15 13:59:01,855 | INFO     | 0123 | adding edge source: cleandata.csv target: Create_Dataframe.R
2018-05-15 13:59:10,592 | INFO     | 0123 | adding edge source: cleandata.csv target: Create_Dataframe.R
2018-05-15 13:59:10,602 | DEBUG    | 0088 | edge not valid
2018-05-15 14:00:00,437 | INFO     | 0103 | adding node Part_F_Output.csv
2018-05-15 14:00:08,657 | INFO     | 0123 | adding edge source: Create_Dataframe.R target: Part_F_Output.csv
2018-05-15 14:00:23,222 | INFO     | 0264 | user started git push
2018-05-15 14:00:28,924 | INFO     | 0264 | user started git push
2018-05-15 14:00:41,701 | INFO     | 0356 | merge successful
2018-05-15 14:00:41,888 | INFO     | 0349 | 204
2018-05-15 14:00:41,889 | INFO     | 0360 | base already contains the head, nothing to merge
2018-05-15 14:00:44,622 | INFO     | 0207 | user started full network run
2018-05-15 14:00:53,485 | INFO     | 0112 | running node clean.R
2018-05-15 14:02:17,022 | INFO     | 0283 | updating node
2018-05-15 14:02:17,202 | INFO     | 0188 | renaming node Part_F_Output.csv new name: Part_F_Aggregate_Output.csv
2018-05-15 14:02:50,743 | INFO     | 0283 | updating node
2018-05-15 14:02:51,066 | INFO     | 0170 | updating node Create_Dataframe.R task status: not started assigned to: not assigned
2018-05-15 14:02:51,086 | INFO     | 0188 | renaming node Create_Dataframe.R new name: Create_Aggregate_Dataframe.R
2018-05-15 14:03:11,546 | INFO     | 0103 | adding node Part_F_Aggregate_Output.csv
2018-05-15 14:03:34,401 | INFO     | 0103 | adding node Create_Nonaggregate_Dataframe.R
2018-05-15 14:03:40,050 | INFO     | 0123 | adding edge source: cleandata.csv target: Create_Nonaggregate_Dataframe.R
2018-05-15 14:04:38,899 | INFO     | 0103 | adding node Part_F_Nonaggregate_Output.csv
2018-05-15 14:04:44,765 | INFO     | 0123 | adding edge source: Create_Nonaggregate_Dataframe.R target: Part_F_Nonaggregate_Output.csv
2018-05-15 15:55:40,320 | INFO     | 0187 | user opening Fetch_LTR.R
2018-05-15 15:55:46,088 | INFO     | 0187 | user opening Fetch_LTR.R
2018-05-15 15:55:47,975 | INFO     | 0187 | user opening Fetch_LTR.R
2018-05-15 15:56:37,214 | INFO     | 0187 | user opening NPS_Function.R
2018-05-15 16:00:23,635 | INFO     | 0103 | adding node NPS_Function_1.R
2018-05-15 16:00:43,296 | INFO     | 0331 | user deleting edge source: LTR_Data.csv target: NPS_Function.R
2018-05-15 16:00:49,710 | INFO     | 0123 | adding edge source: LTR_Data.csv target: NPS_Function_1.R
2018-05-15 16:00:59,934 | INFO     | 0123 | adding edge source: LTR_Data.csv target: NPS_Function_1.R
2018-05-15 16:00:59,944 | INFO     | 0123 | adding edge source: LTR_Data.csv target: NPS_Function_1.R
2018-05-15 16:00:59,953 | DEBUG    | 0088 | edge not valid
2018-05-15 16:00:59,954 | DEBUG    | 0088 | edge not valid
2018-05-15 16:01:35,757 | INFO     | 0331 | user deleting edge source: LTR_Data_E_2.csv target: NPS_Function.R
2018-05-15 16:02:38,433 | INFO     | 0103 | adding node NPS_Function_2.csv
2018-05-15 16:03:07,801 | INFO     | 0308 | user deleting node NPS_Function_2.csv
2018-05-15 16:03:26,099 | INFO     | 0103 | adding node NPS_Function_2.R
2018-05-15 16:03:35,154 | INFO     | 0123 | adding edge source: LTR_Data_E_2.csv target: NPS_Function_2.R
2018-05-15 16:03:43,186 | INFO     | 0123 | adding edge source: LTR_Data_E_2.csv target: NPS_Function_2.R
2018-05-15 16:06:24,294 | INFO     | 0331 | user deleting edge source: NPS_Function.R target: Part_E_2.csv
2018-05-15 16:06:56,927 | INFO     | 0123 | adding edge source: Part_E_2.csv target: NPS_Function_2.R
2018-05-15 16:07:09,215 | INFO     | 0331 | user deleting edge source: NPS_Function.R target: NPS_Data_Part_D.csv
2018-05-15 16:07:12,578 | INFO     | 0331 | user deleting edge source: NPS_Function.R target: NPS_Data_Part_D.csv
2018-05-15 16:08:13,002 | INFO     | 0354 | user reversing flow source: Part_E_2.csv target: NPS_Function_2.R
2018-05-15 16:08:28,916 | INFO     | 0264 | user started git push
